{"/home/gary/.openclaw/workspace/fantasy-golf/.worktrees/epic-1/src/lib/scoring.ts": {"path":"/home/gary/.openclaw/workspace/fantasy-golf/.worktrees/epic-1/src/lib/scoring.ts","statementMap":{"0":{"start":{"line":4,"column":14},"end":{"line":4,"column":null}},"1":{"start":{"line":5,"column":2},"end":{"line":5,"column":null}},"2":{"start":{"line":13,"column":27},"end":{"line":13,"column":29}},"3":{"start":{"line":15,"column":2},"end":{"line":20,"column":null}},"4":{"start":{"line":16,"column":24},"end":{"line":16,"column":44}},"5":{"start":{"line":17,"column":4},"end":{"line":17,"column":null}},"6":{"start":{"line":17,"column":22},"end":{"line":17,"column":null}},"7":{"start":{"line":18,"column":22},"end":{"line":18,"column":53}},"8":{"start":{"line":19,"column":4},"end":{"line":19,"column":null}},"9":{"start":{"line":19,"column":28},"end":{"line":19,"column":null}},"10":{"start":{"line":20,"column":4},"end":{"line":20,"column":null}},"11":{"start":{"line":23,"column":2},"end":{"line":23,"column":null}},"12":{"start":{"line":31,"column":14},"end":{"line":31,"column":null}},"13":{"start":{"line":33,"column":2},"end":{"line":36,"column":null}},"14":{"start":{"line":33,"column":18},"end":{"line":33,"column":21}},"15":{"start":{"line":34,"column":22},"end":{"line":34,"column":70}},"16":{"start":{"line":35,"column":4},"end":{"line":35,"column":null}},"17":{"start":{"line":35,"column":28},"end":{"line":35,"column":null}},"18":{"start":{"line":36,"column":4},"end":{"line":36,"column":null}},"19":{"start":{"line":39,"column":2},"end":{"line":39,"column":null}},"20":{"start":{"line":46,"column":21},"end":{"line":46,"column":null}},"21":{"start":{"line":48,"column":2},"end":{"line":51,"column":null}},"22":{"start":{"line":49,"column":24},"end":{"line":49,"column":44}},"23":{"start":{"line":50,"column":4},"end":{"line":51,"column":null}},"24":{"start":{"line":51,"column":6},"end":{"line":51,"column":null}},"25":{"start":{"line":55,"column":2},"end":{"line":55,"column":null}},"26":{"start":{"line":63,"column":21},"end":{"line":67,"column":null}},"27":{"start":{"line":64,"column":23},"end":{"line":64,"column":95}},"28":{"start":{"line":65,"column":25},"end":{"line":65,"column":78}},"29":{"start":{"line":66,"column":4},"end":{"line":66,"column":null}},"30":{"start":{"line":69,"column":2},"end":{"line":74,"column":null}},"31":{"start":{"line":70,"column":4},"end":{"line":71,"column":null}},"32":{"start":{"line":71,"column":6},"end":{"line":71,"column":null}},"33":{"start":{"line":73,"column":4},"end":{"line":73,"column":null}},"34":{"start":{"line":76,"column":2},"end":{"line":79,"column":null}},"35":{"start":{"line":76,"column":43},"end":{"line":79,"column":5}}},"fnMap":{"0":{"name":"getHoleScore","decl":{"start":{"line":3,"column":16},"end":{"line":3,"column":29}},"loc":{"start":{"line":3,"column":82},"end":{"line":5,"column":null}},"line":3},"1":{"name":"getEntryHoleScore","decl":{"start":{"line":8,"column":16},"end":{"line":8,"column":null}},"loc":{"start":{"line":12,"column":17},"end":{"line":23,"column":null}},"line":12},"2":{"name":"calculateEntryTotalScore","decl":{"start":{"line":26,"column":16},"end":{"line":26,"column":null}},"loc":{"start":{"line":30,"column":10},"end":{"line":39,"column":null}},"line":30},"3":{"name":"calculateEntryBirdies","decl":{"start":{"line":42,"column":16},"end":{"line":42,"column":null}},"loc":{"start":{"line":45,"column":10},"end":{"line":55,"column":null}},"line":45},"4":{"name":"rankEntries","decl":{"start":{"line":58,"column":16},"end":{"line":58,"column":null}},"loc":{"start":{"line":62,"column":74},"end":{"line":79,"column":null}},"line":62},"5":{"name":"(anonymous_5)","decl":{"start":{"line":63,"column":29},"end":{"line":63,"column":33}},"loc":{"start":{"line":63,"column":42},"end":{"line":67,"column":null}},"line":63},"6":{"name":"(anonymous_6)","decl":{"start":{"line":69,"column":13},"end":{"line":69,"column":19}},"loc":{"start":{"line":69,"column":28},"end":{"line":74,"column":null}},"line":69},"7":{"name":"(anonymous_7)","decl":{"start":{"line":76,"column":20},"end":{"line":76,"column":25}},"loc":{"start":{"line":76,"column":43},"end":{"line":79,"column":5}},"line":76}},"branchMap":{"0":{"loc":{"start":{"line":17,"column":4},"end":{"line":17,"column":null}},"type":"if","locations":[{"start":{"line":17,"column":4},"end":{"line":17,"column":null}},{"start":{},"end":{}}],"line":17},"1":{"loc":{"start":{"line":19,"column":4},"end":{"line":19,"column":null}},"type":"if","locations":[{"start":{"line":19,"column":4},"end":{"line":19,"column":null}},{"start":{},"end":{}}],"line":19},"2":{"loc":{"start":{"line":35,"column":4},"end":{"line":35,"column":null}},"type":"if","locations":[{"start":{"line":35,"column":4},"end":{"line":35,"column":null}},{"start":{},"end":{}}],"line":35},"3":{"loc":{"start":{"line":50,"column":4},"end":{"line":51,"column":null}},"type":"if","locations":[{"start":{"line":50,"column":4},"end":{"line":51,"column":null}},{"start":{},"end":{}}],"line":50},"4":{"loc":{"start":{"line":51,"column":22},"end":{"line":51,"column":null}},"type":"binary-expr","locations":[{"start":{"line":51,"column":22},"end":{"line":51,"column":51}},{"start":{"line":51,"column":51},"end":{"line":51,"column":null}}],"line":51},"5":{"loc":{"start":{"line":70,"column":4},"end":{"line":71,"column":null}},"type":"if","locations":[{"start":{"line":70,"column":4},"end":{"line":71,"column":null}},{"start":{},"end":{}}],"line":70}},"s":{"0":40,"1":40,"2":9,"3":9,"4":36,"5":36,"6":0,"7":36,"8":36,"9":0,"10":36,"11":9,"12":2,"13":2,"14":2,"15":6,"16":6,"17":0,"18":6,"19":2,"20":2,"21":2,"22":8,"23":8,"24":8,"25":2,"26":1,"27":2,"28":2,"29":2,"30":1,"31":1,"32":0,"33":1,"34":1,"35":2},"f":{"0":40,"1":9,"2":2,"3":2,"4":1,"5":2,"6":1,"7":2},"b":{"0":[0,36],"1":[0,36],"2":[0,6],"3":[8,0],"4":[8,7],"5":[0,1]},"meta":{"lastBranch":6,"lastFunction":8,"lastStatement":36,"seen":{"f:3:16:3:29":0,"s:4:14:4:Infinity":0,"s:5:2:5:Infinity":1,"f:8:16:8:Infinity":1,"s:13:27:13:29":2,"s:15:2:20:Infinity":3,"s:16:24:16:44":4,"b:17:4:17:Infinity:undefined:undefined:undefined:undefined":0,"s:17:4:17:Infinity":5,"s:17:22:17:Infinity":6,"s:18:22:18:53":7,"b:19:4:19:Infinity:undefined:undefined:undefined:undefined":1,"s:19:4:19:Infinity":8,"s:19:28:19:Infinity":9,"s:20:4:20:Infinity":10,"s:23:2:23:Infinity":11,"f:26:16:26:Infinity":2,"s:31:14:31:Infinity":12,"s:33:2:36:Infinity":13,"s:33:18:33:21":14,"s:34:22:34:70":15,"b:35:4:35:Infinity:undefined:undefined:undefined:undefined":2,"s:35:4:35:Infinity":16,"s:35:28:35:Infinity":17,"s:36:4:36:Infinity":18,"s:39:2:39:Infinity":19,"f:42:16:42:Infinity":3,"s:46:21:46:Infinity":20,"s:48:2:51:Infinity":21,"s:49:24:49:44":22,"b:50:4:51:Infinity:undefined:undefined:undefined:undefined":3,"s:50:4:51:Infinity":23,"s:51:6:51:Infinity":24,"b:51:22:51:51:51:51:51:Infinity":4,"s:55:2:55:Infinity":25,"f:58:16:58:Infinity":4,"s:63:21:67:Infinity":26,"f:63:29:63:33":5,"s:64:23:64:95":27,"s:65:25:65:78":28,"s:66:4:66:Infinity":29,"s:69:2:74:Infinity":30,"f:69:13:69:19":6,"b:70:4:71:Infinity:undefined:undefined:undefined:undefined":5,"s:70:4:71:Infinity":31,"s:71:6:71:Infinity":32,"s:73:4:73:Infinity":33,"s:76:2:79:Infinity":34,"f:76:20:76:25":7,"s:76:43:79:5":35}}}
}
